D:\TEST-PROJECT\LUACSV\WIN32LUAPROJECT1\WIN32LUAPROJECT1\DEBUG\WIN32LUAPROJECT1.PCH
D:\TEST-PROJECT\LUACSV\WIN32LUAPROJECT1\WIN32LUAPROJECT1\DEBUG\STDAFX.OBJ
D:\TEST-PROJECT\LUACSV\WIN32LUAPROJECT1\WIN32LUAPROJECT1\DEBUG\VC110.PDB
D:\TEST-PROJECT\LUACSV\WIN32LUAPROJECT1\WIN32LUAPROJECT1\DEBUG\CSV.OBJ
D:\TEST-PROJECT\LUACSV\WIN32LUAPROJECT1\WIN32LUAPROJECT1\DEBUG\WIN32LUAPROJECT1.OBJ
D:\TEST-PROJECT\LUACSV\WIN32LUAPROJECT1\DEBUG\WIN32LUAPROJECT1.ILK
D:\TEST-PROJECT\LUACSV\WIN32LUAPROJECT1\DEBUG\WIN32LUAPROJECT1.EXE
D:\TEST-PROJECT\LUACSV\WIN32LUAPROJECT1\DEBUG\WIN32LUAPROJECT1.PDB
D:\test-project\luacsv\Win32luaProject1\Win32luaProject1\Debug\csv.obj
D:\test-project\luacsv\Win32luaProject1\Win32luaProject1\Debug\stdafx.obj
D:\test-project\luacsv\Win32luaProject1\Win32luaProject1\Debug\Win32luaProject1.obj
D:\test-project\luacsv\Win32luaProject1\Win32luaProject1\Debug\cl.command.1.tlog
D:\test-project\luacsv\Win32luaProject1\Win32luaProject1\Debug\CL.read.1.tlog
D:\test-project\luacsv\Win32luaProject1\Win32luaProject1\Debug\CL.write.1.tlog
D:\test-project\luacsv\Win32luaProject1\Win32luaProject1\Debug\link-cvtres.read.1.tlog
D:\test-project\luacsv\Win32luaProject1\Win32luaProject1\Debug\link-cvtres.write.1.tlog
D:\test-project\luacsv\Win32luaProject1\Win32luaProject1\Debug\link-rc.read.1.tlog
D:\test-project\luacsv\Win32luaProject1\Win32luaProject1\Debug\link-rc.write.1.tlog
D:\test-project\luacsv\Win32luaProject1\Win32luaProject1\Debug\link.command.1.tlog
D:\test-project\luacsv\Win32luaProject1\Win32luaProject1\Debug\link.read.1.tlog
D:\test-project\luacsv\Win32luaProject1\Win32luaProject1\Debug\link.write.1.tlog
D:\test-project\luacsv\Win32luaProject1\Win32luaProject1\Debug\Win32luaProject1.pch
D:\test-project\luacsv\Win32luaProject1\Win32luaProject1\Debug\vc110.idb
D:\test-project\luacsv\Win32luaProject1\Win32luaProject1\Debug\vc110.pdb
D:\test-project\luacsv\Win32luaProject1\Debug\Win32luaProject1.pdb
D:\test-project\luacsv\Win32luaProject1\Debug\Win32luaProject1.exe
D:\test-project\luacsv\Win32luaProject1\Debug\Win32luaProject1.ilk
