D:\TEST-PROJECT\LUACSV\WIN32LUAPROJECT1\WIN32LUAPROJECT1\RELEASE\WIN32LUAPROJECT1.PCH
D:\TEST-PROJECT\LUACSV\WIN32LUAPROJECT1\WIN32LUAPROJECT1\RELEASE\STDAFX.OBJ
D:\TEST-PROJECT\LUACSV\WIN32LUAPROJECT1\WIN32LUAPROJECT1\RELEASE\VC110.PDB
D:\TEST-PROJECT\LUACSV\WIN32LUAPROJECT1\WIN32LUAPROJECT1\RELEASE\CSV.OBJ
D:\TEST-PROJECT\LUACSV\WIN32LUAPROJECT1\WIN32LUAPROJECT1\RELEASE\WIN32LUAPROJECT1.OBJ
D:\TEST-PROJECT\LUACSV\WIN32LUAPROJECT1\RELEASE\WIN32LUAPROJECT1.EXE
D:\TEST-PROJECT\LUACSV\WIN32LUAPROJECT1\RELEASE\WIN32LUAPROJECT1.PDB
D:\test-project\luacsv\Win32luaProject1\Win32luaProject1\Release\csv.obj
D:\test-project\luacsv\Win32luaProject1\Win32luaProject1\Release\stdafx.obj
D:\test-project\luacsv\Win32luaProject1\Win32luaProject1\Release\Win32luaProject1.obj
D:\test-project\luacsv\Win32luaProject1\Win32luaProject1\Release\cl.command.1.tlog
D:\test-project\luacsv\Win32luaProject1\Win32luaProject1\Release\CL.read.1.tlog
D:\test-project\luacsv\Win32luaProject1\Win32luaProject1\Release\CL.write.1.tlog
D:\test-project\luacsv\Win32luaProject1\Win32luaProject1\Release\link-cvtres.read.1.tlog
D:\test-project\luacsv\Win32luaProject1\Win32luaProject1\Release\link-cvtres.write.1.tlog
D:\test-project\luacsv\Win32luaProject1\Win32luaProject1\Release\link-rc.read.1.tlog
D:\test-project\luacsv\Win32luaProject1\Win32luaProject1\Release\link-rc.write.1.tlog
D:\test-project\luacsv\Win32luaProject1\Win32luaProject1\Release\link.command.1.tlog
D:\test-project\luacsv\Win32luaProject1\Win32luaProject1\Release\link.read.1.tlog
D:\test-project\luacsv\Win32luaProject1\Win32luaProject1\Release\link.write.1.tlog
D:\test-project\luacsv\Win32luaProject1\Win32luaProject1\Release\Win32luaProject1.pch
D:\test-project\luacsv\Win32luaProject1\Win32luaProject1\Release\vc110.pdb
D:\test-project\luacsv\Win32luaProject1\Release\Win32luaProject1.pdb
D:\test-project\luacsv\Win32luaProject1\Release\Win32luaProject1.exe
